[    23.922] (--) Log file renamed from "/home/guest/.local/share/xorg/Xorg.pid-1558.log" to "/home/guest/.local/share/xorg/Xorg.0.log"
[    23.924] 
X.Org X Server 1.20.13
X Protocol Version 11, Revision 0
[    23.925] Build Operating System: linux Ubuntu
[    23.925] Current Operating System: Linux ubuntu3 5.15.0-139-generic #149~20.04.1-Ubuntu SMP Wed Apr 16 08:29:56 UTC 2025 x86_64
[    23.925] Kernel command line: BOOT_IMAGE=/boot/vmlinuz-5.15.0-139-generic root=UUID=77f8abce-4f35-4e2e-a194-28581ff5fcaf ro quiet splash
[    23.925] Build Date: 19 February 2025  01:54:27PM
[    23.925] xorg-server 2:1.20.13-1ubuntu1~20.04.19 (For technical support please see http://www.ubuntu.com/support) 
[    23.925] Current version of pixman: 0.38.4
[    23.925] 	Before reporting problems, check http://wiki.x.org
	to make sure that you have the latest version.
[    23.925] Markers: (--) probed, (**) from config file, (==) default setting,
	(++) from command line, (!!) notice, (II) informational,
	(WW) warning, (EE) error, (NI) not implemented, (??) unknown.
[    23.926] (==) Log file: "/home/guest/.local/share/xorg/Xorg.0.log", Time: Sun Jun  8 00:07:01 2025
[    23.932] (==) Using system config directory "/usr/share/X11/xorg.conf.d"
[    23.937] (==) No Layout section.  Using the first Screen section.
[    23.937] (==) No screen section available. Using defaults.
[    23.937] (**) |-->Screen "Default Screen Section" (0)
[    23.937] (**) |   |-->Monitor "<default monitor>"
[    23.939] (==) No monitor specified for screen "Default Screen Section".
	Using a default monitor configuration.
[    23.940] (==) Automatically adding devices
[    23.940] (==) Automatically enabling devices
[    23.940] (==) Automatically adding GPU devices
[    23.940] (==) Automatically binding GPU devices
[    23.940] (==) Max clients allowed: 256, resource mask: 0x1fffff
[    23.940] (WW) The directory "/usr/share/fonts/X11/cyrillic" does not exist.
[    23.940] 	Entry deleted from font path.
[    23.940] (WW) The directory "/usr/share/fonts/X11/100dpi/" does not exist.
[    23.940] 	Entry deleted from font path.
[    23.941] (WW) The directory "/usr/share/fonts/X11/75dpi/" does not exist.
[    23.941] 	Entry deleted from font path.
[    23.941] (WW) The directory "/usr/share/fonts/X11/100dpi" does not exist.
[    23.941] 	Entry deleted from font path.
[    23.941] (WW) The directory "/usr/share/fonts/X11/75dpi" does not exist.
[    23.941] 	Entry deleted from font path.
[    23.941] (==) FontPath set to:
	/usr/share/fonts/X11/misc,
	/usr/share/fonts/X11/Type1,
	built-ins
[    23.941] (==) ModulePath set to "/usr/lib/xorg/modules"
[    23.942] (II) The server relies on udev to provide the list of input devices.
	If no devices become available, reconfigure udev or disable AutoAddDevices.
[    23.942] (II) Loader magic: 0x55f698e49020
[    23.942] (II) Module ABI versions:
[    23.942] 	X.Org ANSI C Emulation: 0.4
[    23.942] 	X.Org Video Driver: 24.1
[    23.942] 	X.Org XInput driver : 24.1
[    23.942] 	X.Org Server Extension : 10.0
[    23.947] (++) using VT number 2

[    23.950] (II) systemd-logind: took control of session /org/freedesktop/login1/session/_33
[    23.954] (II) xfree86: Adding drm device (/dev/dri/card0)
[    23.956] (II) systemd-logind: got fd for /dev/dri/card0 226:0 fd 12 paused 0
[    23.974] (--) PCI:*(0@0:2:0) 15ad:0405:15ad:0405 rev 0, Mem @ 0xe0000000/134217728, 0xf0000000/2097152, I/O @ 0x0000d010/16, BIOS @ 0x????????/131072
[    23.976] (II) LoadModule: "glx"
[    23.979] (II) Loading /usr/lib/xorg/modules/extensions/libglx.so
[    23.987] (II) Module glx: vendor="X.Org Foundation"
[    23.987] 	compiled for 1.20.13, module version = 1.0.0
[    23.987] 	ABI class: X.Org Server Extension, version 10.0
[    23.987] (==) Matched vmware as autoconfigured driver 0
[    23.987] (==) Matched modesetting as autoconfigured driver 1
[    23.987] (==) Matched fbdev as autoconfigured driver 2
[    23.987] (==) Matched vesa as autoconfigured driver 3
[    23.987] (==) Assigned the driver to the xf86ConfigLayout
[    23.987] (II) LoadModule: "vmware"
[    23.989] (II) Loading /usr/lib/xorg/modules/drivers/vmware_drv.so
[    24.140] (II) Module vmware: vendor="X.Org Foundation"
[    24.140] 	compiled for 1.20.8, module version = 13.3.0
[    24.140] 	Module class: X.Org Video Driver
[    24.140] 	ABI class: X.Org Video Driver, version 24.1
[    24.140] (II) LoadModule: "modesetting"
[    24.144] (II) Loading /usr/lib/xorg/modules/drivers/modesetting_drv.so
[    24.149] (II) Module modesetting: vendor="X.Org Foundation"
[    24.149] 	compiled for 1.20.13, module version = 1.20.13
[    24.149] 	Module class: X.Org Video Driver
[    24.150] 	ABI class: X.Org Video Driver, version 24.1
[    24.150] (II) LoadModule: "fbdev"
[    24.150] (II) Loading /usr/lib/xorg/modules/drivers/fbdev_drv.so
[    24.153] (II) Module fbdev: vendor="X.Org Foundation"
[    24.153] 	compiled for 1.20.1, module version = 0.5.0
[    24.154] 	Module class: X.Org Video Driver
[    24.154] 	ABI class: X.Org Video Driver, version 24.0
[    24.154] (II) LoadModule: "vesa"
[    24.154] (II) Loading /usr/lib/xorg/modules/drivers/vesa_drv.so
[    24.157] (II) Module vesa: vendor="X.Org Foundation"
[    24.157] 	compiled for 1.20.4, module version = 2.4.0
[    24.158] 	Module class: X.Org Video Driver
[    24.159] 	ABI class: X.Org Video Driver, version 24.0
[    24.159] (II) vmware: driver for VMware SVGA: vmware0405, vmware0710
[    24.159] (II) modesetting: Driver for Modesetting Kernel Drivers: kms
[    24.159] (II) FBDEV: driver for framebuffer: fbdev
[    24.159] (II) VESA: driver for VESA chipsets: vesa
[    24.160] xf86EnableIOPorts: failed to set IOPL for I/O (Operation not permitted)
[    24.160] (WW) Falling back to old probe method for modesetting
[    24.164] (WW) Falling back to old probe method for fbdev
[    24.164] (II) Loading sub module "fbdevhw"
[    24.164] (II) LoadModule: "fbdevhw"
[    24.165] (II) Loading /usr/lib/xorg/modules/libfbdevhw.so
[    24.167] (II) Module fbdevhw: vendor="X.Org Foundation"
[    24.167] 	compiled for 1.20.13, module version = 0.0.2
[    24.167] 	ABI class: X.Org Video Driver, version 24.1
[    24.168] (EE) open /dev/fb0: Permission denied
[    24.168] (WW) VGA arbiter: cannot open kernel arbiter, no multi-card support
[    24.168] (II) vmware(0): Creating default Display subsection in Screen section
	"Default Screen Section" for depth/fbbpp 24/32
[    24.168] (--) vmware(0): DRM driver version is 2.19.0
[    24.168] (==) vmware(0): Depth 24, (--) framebuffer bpp 32
[    24.168] (==) vmware(0): RGB weight 888
[    24.168] (==) vmware(0): Default visual is TrueColor
[    24.169] (--) vmware(0): Min width 1, Max Width 16384.
[    24.169] (--) vmware(0): Min height 1, Max Height 16384.
[    24.170] (II) vmware(0): Output Virtual1 has no monitor section
[    24.171] (II) vmware(0): Output Virtual2 has no monitor section
[    24.171] (II) vmware(0): Output Virtual3 has no monitor section
[    24.171] (II) vmware(0): Output Virtual4 has no monitor section
[    24.172] (II) vmware(0): Output Virtual5 has no monitor section
[    24.173] (II) vmware(0): Output Virtual6 has no monitor section
[    24.173] (II) vmware(0): Output Virtual7 has no monitor section
[    24.173] (II) vmware(0): Output Virtual8 has no monitor section
[    24.173] (II) vmware(0): Printing probed modes for output Virtual1
[    24.173] (II) vmware(0): Modeline "800x600"x60.0   42.75  800 850 900 950  600 650 700 750 -hsync +vsync (45.0 kHz eP)
[    24.173] (II) vmware(0): Modeline "3840x2400"x60.0  592.25  3840 3888 3920 4000  2400 2403 2409 2469 +hsync -vsync (148.1 kHz e)
[    24.174] (II) vmware(0): Modeline "3840x2160"x60.0  533.00  3840 3888 3920 4000  2160 2163 2168 2222 +hsync -vsync (133.2 kHz e)
[    24.174] (II) vmware(0): Modeline "2880x1800"x59.9  337.50  2880 2928 2960 3040  1800 1803 1809 1852 +hsync -vsync (111.0 kHz e)
[    24.174] (II) vmware(0): Modeline "2560x1600"x60.0  348.50  2560 2752 3032 3504  1600 1603 1609 1658 -hsync +vsync (99.5 kHz e)
[    24.174] (II) vmware(0): Modeline "2560x1440"x60.0  241.50  2560 2608 2640 2720  1440 1443 1448 1481 +hsync -vsync (88.8 kHz e)
[    24.174] (II) vmware(0): Modeline "1920x1440"x60.0  234.00  1920 2048 2256 2600  1440 1441 1444 1500 -hsync +vsync (90.0 kHz e)
[    24.174] (II) vmware(0): Modeline "1856x1392"x60.0  218.25  1856 1952 2176 2528  1392 1393 1396 1439 -hsync +vsync (86.3 kHz e)
[    24.174] (II) vmware(0): Modeline "1792x1344"x60.0  204.75  1792 1920 2120 2448  1344 1345 1348 1394 -hsync +vsync (83.6 kHz e)
[    24.174] (II) vmware(0): Modeline "1920x1200"x59.9  193.25  1920 2056 2256 2592  1200 1203 1209 1245 -hsync +vsync (74.6 kHz e)
[    24.175] (II) vmware(0): Modeline "1920x1080"x60.0  173.00  1920 2048 2248 2576  1080 1083 1088 1120 -hsync +vsync (67.2 kHz e)
[    24.175] (II) vmware(0): Modeline "1600x1200"x60.0  162.00  1600 1664 1856 2160  1200 1201 1204 1250 +hsync +vsync (75.0 kHz e)
[    24.175] (II) vmware(0): Modeline "1680x1050"x60.0  146.25  1680 1784 1960 2240  1050 1053 1059 1089 -hsync +vsync (65.3 kHz e)
[    24.175] (II) vmware(0): Modeline "1400x1050"x60.0  121.75  1400 1488 1632 1864  1050 1053 1057 1089 -hsync +vsync (65.3 kHz e)
[    24.176] (II) vmware(0): Modeline "1280x1024"x60.0  108.00  1280 1328 1440 1688  1024 1025 1028 1066 +hsync +vsync (64.0 kHz e)
[    24.176] (II) vmware(0): Modeline "1440x900"x59.9  106.50  1440 1520 1672 1904  900 903 909 934 -hsync +vsync (55.9 kHz e)
[    24.176] (II) vmware(0): Modeline "1280x960"x60.0  108.00  1280 1376 1488 1800  960 961 964 1000 +hsync +vsync (60.0 kHz e)
[    24.176] (II) vmware(0): Modeline "1360x768"x60.0   85.50  1360 1424 1536 1792  768 771 777 795 +hsync +vsync (47.7 kHz e)
[    24.176] (II) vmware(0): Modeline "1280x800"x59.8   83.50  1280 1352 1480 1680  800 803 809 831 +hsync -vsync (49.7 kHz e)
[    24.176] (II) vmware(0): Modeline "1152x864"x75.0  108.00  1152 1216 1344 1600  864 865 868 900 +hsync +vsync (67.5 kHz e)
[    24.176] (II) vmware(0): Modeline "1280x768"x59.9   79.50  1280 1344 1472 1664  768 771 778 798 -hsync +vsync (47.8 kHz e)
[    24.176] (II) vmware(0): Modeline "1280x720"x59.9   74.50  1280 1344 1472 1664  720 723 728 748 -hsync +vsync (44.8 kHz e)
[    24.176] (II) vmware(0): Modeline "1024x768"x60.0   65.00  1024 1048 1184 1344  768 771 777 806 -hsync -vsync (48.4 kHz e)
[    24.177] (II) vmware(0): Modeline "800x600"x60.3   40.00  800 840 968 1056  600 601 605 628 +hsync +vsync (37.9 kHz e)
[    24.177] (II) vmware(0): Modeline "640x480"x59.9   25.18  640 656 752 800  480 489 492 525 -hsync -vsync (31.5 kHz e)
[    24.177] (II) vmware(0): EDID for output Virtual2
[    24.177] (II) vmware(0): EDID for output Virtual3
[    24.177] (II) vmware(0): EDID for output Virtual4
[    24.177] (II) vmware(0): EDID for output Virtual5
[    24.177] (II) vmware(0): EDID for output Virtual6
[    24.177] (II) vmware(0): EDID for output Virtual7
[    24.178] (II) vmware(0): EDID for output Virtual8
[    24.181] (II) vmware(0): Output Virtual1 connected
[    24.181] (II) vmware(0): Output Virtual2 disconnected
[    24.182] (II) vmware(0): Output Virtual3 disconnected
[    24.182] (II) vmware(0): Output Virtual4 disconnected
[    24.182] (II) vmware(0): Output Virtual5 disconnected
[    24.183] (II) vmware(0): Output Virtual6 disconnected
[    24.183] (II) vmware(0): Output Virtual7 disconnected
[    24.183] (II) vmware(0): Output Virtual8 disconnected
[    24.183] (II) vmware(0): Using exact sizes for initial modes
[    24.183] (II) vmware(0): Output Virtual1 using initial mode 800x600 +0+0
[    24.183] (==) vmware(0): DPI set to (96, 96)
[    24.183] (==) vmware(0): Using gamma correction (1.0, 1.0, 1.0)
[    24.183] (II) Loading sub module "fb"
[    24.183] (II) LoadModule: "fb"
[    24.184] (II) Loading /usr/lib/xorg/modules/libfb.so
[    24.188] (II) Module fb: vendor="X.Org Foundation"
[    24.188] 	compiled for 1.20.13, module version = 1.0.0
[    24.188] 	ABI class: X.Org ANSI C Emulation, version 0.4
[    24.188] (II) Loading sub module "dri2"
[    24.188] (II) LoadModule: "dri2"
[    24.188] (II) Module "dri2" already built-in
[    24.188] (II) Loading sub module "dri3"
[    24.188] (II) LoadModule: "dri3"
[    24.189] (II) Module "dri3" already built-in
[    24.189] (II) UnloadModule: "modesetting"
[    24.189] (II) Unloading modesetting
[    24.189] (II) UnloadModule: "fbdev"
[    24.190] (II) Unloading fbdev
[    24.190] (II) UnloadSubModule: "fbdevhw"
[    24.190] (II) Unloading fbdevhw
[    24.190] (II) UnloadModule: "vesa"
[    24.190] (II) Unloading vesa
[    24.197] (II) vmware(0): Initialized VMWARE_CTRL extension version 0.2
[    24.217] (WW) vmware(0): Failed to initialize Gallium3D Xa. No render acceleration available.
[    24.217] (WW) vmware(0): Skipped initialization of direct rendering due to lack of render acceleration.
[    24.217] (--) vmware(0): Render acceleration is disabled.
[    24.217] (==) vmware(0): Rendercheck mode is disabled.
[    24.217] (--) vmware(0): Direct rendering (DRI2 3D) is disabled.
[    24.217] (--) vmware(0): Direct rendering (DRI3 3D) is disabled.
[    24.217] (==) vmware(0): Backing store enabled
[    24.217] (==) vmware(0): Silken mouse enabled
[    24.222] (==) vmware(0): DPMS enabled
[    24.222] (II) vmware(0): No 3D acceleration. Not setting up textured video.
[    24.222] (WW) vmware(0): Disabling Xv because no adaptors could be initialized.
[    24.222] (II) Initializing extension Generic Event Extension
[    24.222] (II) Initializing extension SHAPE
[    24.222] (II) Initializing extension MIT-SHM
[    24.223] (II) Initializing extension XInputExtension
[    24.225] (II) Initializing extension XTEST
[    24.225] (II) Initializing extension BIG-REQUESTS
[    24.225] (II) Initializing extension SYNC
[    24.226] (II) Initializing extension XKEYBOARD
[    24.226] (II) Initializing extension XC-MISC
[    24.226] (II) Initializing extension SECURITY
[    24.226] (II) Initializing extension XFIXES
[    24.226] (II) Initializing extension RENDER
[    24.226] (II) Initializing extension RANDR
[    24.226] (II) Initializing extension COMPOSITE
[    24.226] (II) Initializing extension DAMAGE
[    24.227] (II) Initializing extension MIT-SCREEN-SAVER
[    24.227] (II) Initializing extension DOUBLE-BUFFER
[    24.227] (II) Initializing extension RECORD
[    24.227] (II) Initializing extension DPMS
[    24.227] (II) Initializing extension Present
[    24.227] (II) Initializing extension DRI3
[    24.227] (II) Initializing extension X-Resource
[    24.227] (II) Initializing extension XVideo
[    24.227] (II) Initializing extension XVideo-MotionCompensation
[    24.227] (II) Initializing extension SELinux
[    24.227] (II) SELinux: Disabled on system
[    24.227] (II) Initializing extension GLX
[    24.227] (II) AIGLX: Screen 0 is not DRI2 capable
[    24.268] (II) IGLX: Loaded and initialized swrast
[    24.276] (II) GLX: Initialized DRISWRAST GL provider for screen 0
[    24.276] (II) Initializing extension XFree86-VidModeExtension
[    24.276] (II) Initializing extension XFree86-DGA
[    24.277] (II) Initializing extension XFree86-DRI
[    24.288] (II) Initializing extension DRI2
[    24.313] (II) vmware(0): Setting screen physical size to 211 x 158
[    24.381] (II) config/udev: Adding input device Power Button (/dev/input/event0)
[    24.382] (**) Power Button: Applying InputClass "libinput keyboard catchall"
[    24.382] (II) LoadModule: "libinput"
[    24.384] (II) Loading /usr/lib/xorg/modules/input/libinput_drv.so
[    24.387] (II) Module libinput: vendor="X.Org Foundation"
[    24.387] 	compiled for 1.20.4, module version = 0.29.0
[    24.387] 	Module class: X.Org XInput Driver
[    24.387] 	ABI class: X.Org XInput driver, version 24.1
[    24.388] (II) Using input driver 'libinput' for 'Power Button'
[    24.390] (II) systemd-logind: got fd for /dev/input/event0 13:64 fd 20 paused 0
[    24.390] (**) Power Button: always reports core events
[    24.390] (**) Option "Device" "/dev/input/event0"
[    24.390] (**) Option "_source" "server/udev"
[    24.394] (II) event0  - Power Button: is tagged by udev as: Keyboard
[    24.394] (II) event0  - Power Button: device is a keyboard
[    24.394] (II) event0  - Power Button: device removed
[    24.394] (**) Option "config_info" "udev:/sys/devices/LNXSYSTM:00/LNXPWRBN:00/input/input0/event0"
[    24.394] (II) XINPUT: Adding extended input device "Power Button" (type: KEYBOARD, id 6)
[    24.394] (**) Option "xkb_model" "pc105"
[    24.395] (**) Option "xkb_layout" "us"
[    24.398] (II) event0  - Power Button: is tagged by udev as: Keyboard
[    24.398] (II) event0  - Power Button: device is a keyboard
[    24.399] (II) config/udev: Adding input device Sleep Button (/dev/input/event1)
[    24.399] (**) Sleep Button: Applying InputClass "libinput keyboard catchall"
[    24.400] (II) Using input driver 'libinput' for 'Sleep Button'
[    24.401] (II) systemd-logind: got fd for /dev/input/event1 13:65 fd 23 paused 0
[    24.401] (**) Sleep Button: always reports core events
[    24.401] (**) Option "Device" "/dev/input/event1"
[    24.401] (**) Option "_source" "server/udev"
[    24.404] (II) event1  - Sleep Button: is tagged by udev as: Keyboard
[    24.404] (II) event1  - Sleep Button: device is a keyboard
[    24.404] (II) event1  - Sleep Button: device removed
[    24.404] (**) Option "config_info" "udev:/sys/devices/LNXSYSTM:00/LNXSLPBN:00/input/input1/event1"
[    24.404] (II) XINPUT: Adding extended input device "Sleep Button" (type: KEYBOARD, id 7)
[    24.404] (**) Option "xkb_model" "pc105"
[    24.404] (**) Option "xkb_layout" "us"
[    24.407] (II) event1  - Sleep Button: is tagged by udev as: Keyboard
[    24.407] (II) event1  - Sleep Button: device is a keyboard
[    24.409] (II) config/udev: Adding input device Video Bus (/dev/input/event3)
[    24.409] (**) Video Bus: Applying InputClass "libinput keyboard catchall"
[    24.409] (II) Using input driver 'libinput' for 'Video Bus'
[    24.418] (II) systemd-logind: got fd for /dev/input/event3 13:67 fd 24 paused 0
[    24.418] (**) Video Bus: always reports core events
[    24.418] (**) Option "Device" "/dev/input/event3"
[    24.418] (**) Option "_source" "server/udev"
[    24.421] (II) event3  - Video Bus: is tagged by udev as: Keyboard
[    24.421] (II) event3  - Video Bus: device is a keyboard
[    24.422] (II) event3  - Video Bus: device removed
[    24.422] (**) Option "config_info" "udev:/sys/devices/LNXSYSTM:00/LNXSYBUS:00/PNP0A03:00/LNXVIDEO:00/input/input4/event3"
[    24.422] (II) XINPUT: Adding extended input device "Video Bus" (type: KEYBOARD, id 8)
[    24.423] (**) Option "xkb_model" "pc105"
[    24.423] (**) Option "xkb_layout" "us"
[    24.425] (II) event3  - Video Bus: is tagged by udev as: Keyboard
[    24.425] (II) event3  - Video Bus: device is a keyboard
[    24.428] (II) config/udev: Adding input device VirtualBox mouse integration (/dev/input/event6)
[    24.428] (**) VirtualBox mouse integration: Applying InputClass "libinput pointer catchall"
[    24.428] (II) Using input driver 'libinput' for 'VirtualBox mouse integration'
[    24.429] (II) systemd-logind: got fd for /dev/input/event6 13:70 fd 25 paused 0
[    24.429] (**) VirtualBox mouse integration: always reports core events
[    24.430] (**) Option "Device" "/dev/input/event6"
[    24.430] (**) Option "_source" "server/udev"
[    24.431] (II) event6  - VirtualBox mouse integration: is tagged by udev as: Mouse
[    24.432] (II) event6  - VirtualBox mouse integration: device is a pointer
[    24.432] (II) event6  - VirtualBox mouse integration: device removed
[    24.432] (**) Option "config_info" "udev:/sys/devices/pci0000:00/0000:00:04.0/input/input7/event6"
[    24.432] (II) XINPUT: Adding extended input device "VirtualBox mouse integration" (type: MOUSE, id 9)
[    24.432] (**) Option "AccelerationScheme" "none"
[    24.432] (**) VirtualBox mouse integration: (accel) selected scheme none/0
[    24.432] (**) VirtualBox mouse integration: (accel) acceleration factor: 2.000
[    24.433] (**) VirtualBox mouse integration: (accel) acceleration threshold: 4
[    24.434] (II) event6  - VirtualBox mouse integration: is tagged by udev as: Mouse
[    24.434] (II) event6  - VirtualBox mouse integration: device is a pointer
[    24.435] (II) config/udev: Adding input device VirtualBox mouse integration (/dev/input/js1)
[    24.435] (II) No input driver specified, ignoring this device.
[    24.435] (II) This device may have been added with another device file.
[    24.436] (II) config/udev: Adding input device VirtualBox mouse integration (/dev/input/mouse2)
[    24.436] (II) No input driver specified, ignoring this device.
[    24.436] (II) This device may have been added with another device file.
[    24.437] (II) config/udev: Adding input device VirtualBox USB Tablet (/dev/input/event5)
[    24.437] (**) VirtualBox USB Tablet: Applying InputClass "libinput pointer catchall"
[    24.437] (II) Using input driver 'libinput' for 'VirtualBox USB Tablet'
[    24.969] (II) systemd-logind: got fd for /dev/input/event5 13:69 fd 26 paused 0
[    24.970] (**) VirtualBox USB Tablet: always reports core events
[    24.970] (**) Option "Device" "/dev/input/event5"
[    24.970] (**) Option "_source" "server/udev"
[    24.972] (II) event5  - VirtualBox USB Tablet: is tagged by udev as: Mouse
[    24.972] (II) event5  - VirtualBox USB Tablet: device is a pointer
[    24.972] (II) event5  - VirtualBox USB Tablet: device removed
[    24.972] (**) Option "config_info" "udev:/sys/devices/pci0000:00/0000:00:06.0/usb2/2-1/2-1:1.0/0003:80EE:0021.0001/input/input6/event5"
[    24.972] (II) XINPUT: Adding extended input device "VirtualBox USB Tablet" (type: MOUSE, id 10)
[    24.972] (**) Option "AccelerationScheme" "none"
[    24.972] (**) VirtualBox USB Tablet: (accel) selected scheme none/0
[    24.972] (**) VirtualBox USB Tablet: (accel) acceleration factor: 2.000
[    24.972] (**) VirtualBox USB Tablet: (accel) acceleration threshold: 4
[    24.976] (II) event5  - VirtualBox USB Tablet: is tagged by udev as: Mouse
[    24.981] (II) event5  - VirtualBox USB Tablet: device is a pointer
[    24.985] (II) config/udev: Adding input device VirtualBox USB Tablet (/dev/input/js0)
[    24.985] (II) No input driver specified, ignoring this device.
[    24.985] (II) This device may have been added with another device file.
[    24.989] (II) config/udev: Adding input device VirtualBox USB Tablet (/dev/input/mouse1)
[    24.989] (II) No input driver specified, ignoring this device.
[    24.989] (II) This device may have been added with another device file.
[    24.991] (II) config/udev: Adding input device AT Translated Set 2 keyboard (/dev/input/event2)
[    24.991] (**) AT Translated Set 2 keyboard: Applying InputClass "libinput keyboard catchall"
[    24.991] (II) Using input driver 'libinput' for 'AT Translated Set 2 keyboard'
[    24.993] (II) systemd-logind: got fd for /dev/input/event2 13:66 fd 27 paused 0
[    24.993] (**) AT Translated Set 2 keyboard: always reports core events
[    24.993] (**) Option "Device" "/dev/input/event2"
[    24.993] (**) Option "_source" "server/udev"
[    24.994] (II) event2  - AT Translated Set 2 keyboard: is tagged by udev as: Keyboard
[    24.994] (II) event2  - AT Translated Set 2 keyboard: device is a keyboard
[    25.000] (II) event2  - AT Translated Set 2 keyboard: device removed
[    25.000] (**) Option "config_info" "udev:/sys/devices/platform/i8042/serio0/input/input2/event2"
[    25.000] (II) XINPUT: Adding extended input device "AT Translated Set 2 keyboard" (type: KEYBOARD, id 11)
[    25.000] (**) Option "xkb_model" "pc105"
[    25.000] (**) Option "xkb_layout" "us"
[    25.001] (II) event2  - AT Translated Set 2 keyboard: is tagged by udev as: Keyboard
[    25.001] (II) event2  - AT Translated Set 2 keyboard: device is a keyboard
[    25.002] (II) config/udev: Adding input device ImExPS/2 Generic Explorer Mouse (/dev/input/event4)
[    25.002] (**) ImExPS/2 Generic Explorer Mouse: Applying InputClass "libinput pointer catchall"
[    25.002] (II) Using input driver 'libinput' for 'ImExPS/2 Generic Explorer Mouse'
[    25.004] (II) systemd-logind: got fd for /dev/input/event4 13:68 fd 28 paused 0
[    25.004] (**) ImExPS/2 Generic Explorer Mouse: always reports core events
[    25.004] (**) Option "Device" "/dev/input/event4"
[    25.004] (**) Option "_source" "server/udev"
[    25.006] (II) event4  - ImExPS/2 Generic Explorer Mouse: is tagged by udev as: Mouse
[    25.006] (II) event4  - ImExPS/2 Generic Explorer Mouse: device is a pointer
[    25.006] (II) event4  - ImExPS/2 Generic Explorer Mouse: device removed
[    25.006] (**) Option "config_info" "udev:/sys/devices/platform/i8042/serio1/input/input5/event4"
[    25.009] (II) XINPUT: Adding extended input device "ImExPS/2 Generic Explorer Mouse" (type: MOUSE, id 12)
[    25.010] (**) Option "AccelerationScheme" "none"
[    25.010] (**) ImExPS/2 Generic Explorer Mouse: (accel) selected scheme none/0
[    25.010] (**) ImExPS/2 Generic Explorer Mouse: (accel) acceleration factor: 2.000
[    25.010] (**) ImExPS/2 Generic Explorer Mouse: (accel) acceleration threshold: 4
[    25.013] (II) event4  - ImExPS/2 Generic Explorer Mouse: is tagged by udev as: Mouse
[    25.014] (II) event4  - ImExPS/2 Generic Explorer Mouse: device is a pointer
[    25.020] (II) config/udev: Adding input device ImExPS/2 Generic Explorer Mouse (/dev/input/mouse0)
[    25.021] (II) No input driver specified, ignoring this device.
[    25.021] (II) This device may have been added with another device file.
